2018-07-12 01:30:38.649 [main] DEBUG org.apache.ibatis.logging.LogFactory - Logging initialized using 'class org.apache.ibatis.logging.slf4j.Slf4jImpl' adapter.
2018-07-12 01:30:38.671 [main] DEBUG org.mybatis.spring.SqlSessionFactoryBean - Property 'configuration' or 'configLocation' not specified, using default MyBatis Configuration
2018-07-12 01:30:38.720 [main] DEBUG org.mybatis.spring.SqlSessionFactoryBean - Registered plugin: 'com.github.pagehelper.PageHelper@5f84abe8'
2018-07-12 01:30:38.814 [main] DEBUG org.mybatis.spring.SqlSessionFactoryBean - Parsed mapper file: 'file [/opt/coder/java/security/target/classes/mysql/mapper/ResRoleMapper.xml]'
2018-07-12 01:30:38.837 [main] DEBUG org.mybatis.spring.SqlSessionFactoryBean - Parsed mapper file: 'file [/opt/coder/java/security/target/classes/mysql/mapper/ResourceMapper.xml]'
2018-07-12 01:31:24.927 [main] INFO  com.alibaba.druid.pool.DruidDataSource - {dataSource-1} inited
2018-07-12 01:31:25.147 [Thread-1] INFO  com.alibaba.druid.pool.DruidDataSource - {dataSource-1} closed
2018-07-12 01:34:37.163 [main] DEBUG org.apache.ibatis.logging.LogFactory - Logging initialized using 'class org.apache.ibatis.logging.slf4j.Slf4jImpl' adapter.
2018-07-12 01:34:37.185 [main] DEBUG org.mybatis.spring.SqlSessionFactoryBean - Property 'configuration' or 'configLocation' not specified, using default MyBatis Configuration
2018-07-12 01:34:37.219 [main] DEBUG org.mybatis.spring.SqlSessionFactoryBean - Registered plugin: 'com.github.pagehelper.PageHelper@6622fc65'
2018-07-12 01:34:37.303 [main] DEBUG org.mybatis.spring.SqlSessionFactoryBean - Parsed mapper file: 'file [/opt/coder/java/security/target/classes/mysql/mapper/ResRoleMapper.xml]'
2018-07-12 01:34:37.316 [main] DEBUG org.mybatis.spring.SqlSessionFactoryBean - Parsed mapper file: 'file [/opt/coder/java/security/target/classes/mysql/mapper/ResourceMapper.xml]'
2018-07-12 01:35:56.937 [main] DEBUG org.apache.ibatis.logging.LogFactory - Logging initialized using 'class org.apache.ibatis.logging.slf4j.Slf4jImpl' adapter.
2018-07-12 01:35:56.957 [main] DEBUG org.mybatis.spring.SqlSessionFactoryBean - Property 'configuration' or 'configLocation' not specified, using default MyBatis Configuration
2018-07-12 01:35:56.986 [main] DEBUG org.mybatis.spring.SqlSessionFactoryBean - Registered plugin: 'com.github.pagehelper.PageHelper@6622fc65'
2018-07-12 01:35:57.056 [main] DEBUG org.mybatis.spring.SqlSessionFactoryBean - Parsed mapper file: 'file [/opt/coder/java/security/target/classes/mysql/mapper/ResRoleMapper.xml]'
2018-07-12 01:35:57.067 [main] DEBUG org.mybatis.spring.SqlSessionFactoryBean - Parsed mapper file: 'file [/opt/coder/java/security/target/classes/mysql/mapper/ResourceMapper.xml]'
2018-07-12 01:39:09.190 [main] DEBUG org.apache.ibatis.logging.LogFactory - Logging initialized using 'class org.apache.ibatis.logging.slf4j.Slf4jImpl' adapter.
2018-07-12 01:39:09.209 [main] DEBUG org.mybatis.spring.SqlSessionFactoryBean - Property 'configuration' or 'configLocation' not specified, using default MyBatis Configuration
2018-07-12 01:39:09.239 [main] DEBUG org.mybatis.spring.SqlSessionFactoryBean - Registered plugin: 'com.github.pagehelper.PageHelper@3bcbb589'
2018-07-12 01:39:09.332 [main] DEBUG org.mybatis.spring.SqlSessionFactoryBean - Parsed mapper file: 'file [/opt/coder/java/security/target/classes/mysql/mapper/ResRoleMapper.xml]'
2018-07-12 01:39:09.351 [main] DEBUG org.mybatis.spring.SqlSessionFactoryBean - Parsed mapper file: 'file [/opt/coder/java/security/target/classes/mysql/mapper/ResourceMapper.xml]'
2018-07-12 01:58:17.609 [main] DEBUG org.apache.ibatis.logging.LogFactory - Logging initialized using 'class org.apache.ibatis.logging.slf4j.Slf4jImpl' adapter.
2018-07-12 01:58:17.630 [main] DEBUG org.mybatis.spring.SqlSessionFactoryBean - Property 'configuration' or 'configLocation' not specified, using default MyBatis Configuration
2018-07-12 01:58:17.658 [main] DEBUG org.mybatis.spring.SqlSessionFactoryBean - Registered plugin: 'com.github.pagehelper.PageHelper@626c44e7'
2018-07-12 02:01:16.138 [main] DEBUG org.apache.ibatis.logging.LogFactory - Logging initialized using 'class org.apache.ibatis.logging.slf4j.Slf4jImpl' adapter.
2018-07-12 02:01:16.157 [main] DEBUG org.mybatis.spring.SqlSessionFactoryBean - Property 'configuration' or 'configLocation' not specified, using default MyBatis Configuration
2018-07-12 02:01:16.186 [main] DEBUG org.mybatis.spring.SqlSessionFactoryBean - Registered plugin: 'com.github.pagehelper.PageHelper@31d0e481'
2018-07-12 02:01:52.394 [main] DEBUG org.apache.ibatis.logging.LogFactory - Logging initialized using 'class org.apache.ibatis.logging.slf4j.Slf4jImpl' adapter.
2018-07-12 02:01:52.416 [main] DEBUG org.mybatis.spring.SqlSessionFactoryBean - Property 'configuration' or 'configLocation' not specified, using default MyBatis Configuration
2018-07-12 02:01:52.449 [main] DEBUG org.mybatis.spring.SqlSessionFactoryBean - Registered plugin: 'com.github.pagehelper.PageHelper@31d0e481'
2018-07-12 02:01:52.530 [main] DEBUG org.mybatis.spring.SqlSessionFactoryBean - Parsed mapper file: 'file [/opt/coder/java/security/target/classes/mysql/mapper/ResRoleMapper.xml]'
2018-07-12 02:01:52.568 [main] DEBUG org.mybatis.spring.SqlSessionFactoryBean - Parsed mapper file: 'file [/opt/coder/java/security/target/classes/mysql/mapper/ResourceMapper.xml]'
2018-07-12 02:02:27.681 [main] DEBUG org.apache.ibatis.logging.LogFactory - Logging initialized using 'class org.apache.ibatis.logging.slf4j.Slf4jImpl' adapter.
2018-07-12 02:02:27.702 [main] DEBUG org.mybatis.spring.SqlSessionFactoryBean - Property 'configuration' or 'configLocation' not specified, using default MyBatis Configuration
2018-07-12 02:02:27.737 [main] DEBUG org.mybatis.spring.SqlSessionFactoryBean - Registered plugin: 'com.github.pagehelper.PageHelper@3243b914'
2018-07-12 02:02:27.821 [main] DEBUG org.mybatis.spring.SqlSessionFactoryBean - Parsed mapper file: 'file [/opt/coder/java/security/target/classes/mysql/mapper/ResRoleMapper.xml]'
2018-07-12 02:02:27.851 [main] DEBUG org.mybatis.spring.SqlSessionFactoryBean - Parsed mapper file: 'file [/opt/coder/java/security/target/classes/mysql/mapper/ResourceMapper.xml]'
2018-07-12 02:33:22.785 [main] DEBUG org.apache.ibatis.logging.LogFactory - Logging initialized using 'class org.apache.ibatis.logging.slf4j.Slf4jImpl' adapter.
2018-07-12 02:33:22.811 [main] DEBUG org.mybatis.spring.SqlSessionFactoryBean - Property 'configuration' or 'configLocation' not specified, using default MyBatis Configuration
2018-07-12 02:33:22.848 [main] DEBUG org.mybatis.spring.SqlSessionFactoryBean - Registered plugin: 'com.github.pagehelper.PageHelper@3a3e78f'
2018-07-12 02:33:22.930 [main] DEBUG org.mybatis.spring.SqlSessionFactoryBean - Parsed mapper file: 'file [/opt/coder/java/security/target/classes/mysql/mapper/ResRoleMapper.xml]'
2018-07-12 02:33:22.960 [main] DEBUG org.mybatis.spring.SqlSessionFactoryBean - Parsed mapper file: 'file [/opt/coder/java/security/target/classes/mysql/mapper/ResourceMapper.xml]'
2018-07-12 02:40:55.639 [main] DEBUG org.apache.ibatis.logging.LogFactory - Logging initialized using 'class org.apache.ibatis.logging.slf4j.Slf4jImpl' adapter.
2018-07-12 02:40:55.660 [main] DEBUG org.mybatis.spring.SqlSessionFactoryBean - Property 'configuration' or 'configLocation' not specified, using default MyBatis Configuration
2018-07-12 02:40:55.696 [main] DEBUG org.mybatis.spring.SqlSessionFactoryBean - Registered plugin: 'com.github.pagehelper.PageHelper@56aaaecd'
2018-07-12 02:40:55.813 [main] DEBUG org.mybatis.spring.SqlSessionFactoryBean - Parsed mapper file: 'file [/opt/coder/java/security/target/classes/mysql/mapper/ResRoleMapper.xml]'
2018-07-12 02:40:55.855 [main] DEBUG org.mybatis.spring.SqlSessionFactoryBean - Parsed mapper file: 'file [/opt/coder/java/security/target/classes/mysql/mapper/ResourceMapper.xml]'
2018-07-12 02:41:09.880 [main] DEBUG org.apache.ibatis.logging.LogFactory - Logging initialized using 'class org.apache.ibatis.logging.slf4j.Slf4jImpl' adapter.
2018-07-12 02:41:09.898 [main] DEBUG org.mybatis.spring.SqlSessionFactoryBean - Property 'configuration' or 'configLocation' not specified, using default MyBatis Configuration
2018-07-12 02:41:09.923 [main] DEBUG org.mybatis.spring.SqlSessionFactoryBean - Registered plugin: 'com.github.pagehelper.PageHelper@56aaaecd'
2018-07-12 02:41:10.003 [main] DEBUG org.mybatis.spring.SqlSessionFactoryBean - Parsed mapper file: 'file [/opt/coder/java/security/target/classes/mysql/mapper/ResRoleMapper.xml]'
2018-07-12 02:41:10.021 [main] DEBUG org.mybatis.spring.SqlSessionFactoryBean - Parsed mapper file: 'file [/opt/coder/java/security/target/classes/mysql/mapper/ResourceMapper.xml]'
2018-07-12 02:42:46.154 [main] DEBUG org.apache.ibatis.logging.LogFactory - Logging initialized using 'class org.apache.ibatis.logging.slf4j.Slf4jImpl' adapter.
2018-07-12 02:42:46.175 [main] DEBUG org.mybatis.spring.SqlSessionFactoryBean - Property 'configuration' or 'configLocation' not specified, using default MyBatis Configuration
2018-07-12 02:42:46.203 [main] DEBUG org.mybatis.spring.SqlSessionFactoryBean - Registered plugin: 'com.github.pagehelper.PageHelper@522a32b1'
2018-07-12 02:42:46.280 [main] DEBUG org.mybatis.spring.SqlSessionFactoryBean - Parsed mapper file: 'file [/opt/coder/java/security/target/classes/mysql/mapper/ResRoleMapper.xml]'
2018-07-12 02:42:46.307 [main] DEBUG org.mybatis.spring.SqlSessionFactoryBean - Parsed mapper file: 'file [/opt/coder/java/security/target/classes/mysql/mapper/ResourceMapper.xml]'
2018-07-12 02:44:27.412 [main] DEBUG org.apache.ibatis.logging.LogFactory - Logging initialized using 'class org.apache.ibatis.logging.slf4j.Slf4jImpl' adapter.
2018-07-12 02:44:27.430 [main] DEBUG org.mybatis.spring.SqlSessionFactoryBean - Property 'configuration' or 'configLocation' not specified, using default MyBatis Configuration
2018-07-12 02:44:27.462 [main] DEBUG org.mybatis.spring.SqlSessionFactoryBean - Registered plugin: 'com.github.pagehelper.PageHelper@522a32b1'
2018-07-12 02:44:27.541 [main] DEBUG org.mybatis.spring.SqlSessionFactoryBean - Parsed mapper file: 'file [/opt/coder/java/security/target/classes/mysql/mapper/ResRoleMapper.xml]'
2018-07-12 02:44:27.561 [main] DEBUG org.mybatis.spring.SqlSessionFactoryBean - Parsed mapper file: 'file [/opt/coder/java/security/target/classes/mysql/mapper/ResourceMapper.xml]'
2018-07-12 02:44:27.774 [main] DEBUG org.mybatis.spring.SqlSessionUtils - Creating a new SqlSession
2018-07-12 02:44:27.785 [main] DEBUG org.mybatis.spring.SqlSessionUtils - SqlSession [org.apache.ibatis.session.defaults.DefaultSqlSession@f74e835] was not registered for synchronization because synchronization is not active
2018-07-12 02:44:27.938 [main] INFO  com.alibaba.druid.pool.DruidDataSource - {dataSource-1} inited
2018-07-12 02:44:28.274 [main] DEBUG o.m.spring.transaction.SpringManagedTransaction - JDBC Connection [com.mysql.jdbc.JDBC4Connection@362a019c] will not be managed by Spring
2018-07-12 02:44:28.277 [main] DEBUG com.yhj.web.dao.res.ResRoleMapper.queryAllResRole - ==>  Preparing: SELECT res.res_url AS resUrl, role.role_name AS resRole FROM res_role rr LEFT JOIN resource res ON rr.res_id = res.id LEFT JOIN role ON rr.role_id = role.id 
2018-07-12 02:44:28.295 [main] DEBUG com.yhj.web.dao.res.ResRoleMapper.queryAllResRole - ==> Parameters: 
2018-07-12 02:44:28.306 [main] DEBUG com.yhj.web.dao.res.ResRoleMapper.queryAllResRole - <==      Total: 4
2018-07-12 02:44:28.307 [main] DEBUG org.mybatis.spring.SqlSessionUtils - Closing non transactional SqlSession [org.apache.ibatis.session.defaults.DefaultSqlSession@f74e835]
2018-07-12 02:44:28.318 [Thread-1] INFO  com.alibaba.druid.pool.DruidDataSource - {dataSource-1} closed
2018-07-12 02:45:15.385 [main] DEBUG org.apache.ibatis.logging.LogFactory - Logging initialized using 'class org.apache.ibatis.logging.slf4j.Slf4jImpl' adapter.
2018-07-12 02:45:15.404 [main] DEBUG org.mybatis.spring.SqlSessionFactoryBean - Property 'configuration' or 'configLocation' not specified, using default MyBatis Configuration
2018-07-12 02:45:15.434 [main] DEBUG org.mybatis.spring.SqlSessionFactoryBean - Registered plugin: 'com.github.pagehelper.PageHelper@522a32b1'
2018-07-12 02:45:15.513 [main] DEBUG org.mybatis.spring.SqlSessionFactoryBean - Parsed mapper file: 'file [/opt/coder/java/security/target/classes/mysql/mapper/ResRoleMapper.xml]'
2018-07-12 02:45:15.533 [main] DEBUG org.mybatis.spring.SqlSessionFactoryBean - Parsed mapper file: 'file [/opt/coder/java/security/target/classes/mysql/mapper/ResourceMapper.xml]'
2018-07-12 02:45:15.716 [main] DEBUG org.mybatis.spring.SqlSessionUtils - Creating a new SqlSession
2018-07-12 02:45:15.728 [main] DEBUG org.mybatis.spring.SqlSessionUtils - SqlSession [org.apache.ibatis.session.defaults.DefaultSqlSession@f74e835] was not registered for synchronization because synchronization is not active
2018-07-12 02:45:15.876 [main] INFO  com.alibaba.druid.pool.DruidDataSource - {dataSource-1} inited
2018-07-12 02:45:16.099 [main] DEBUG o.m.spring.transaction.SpringManagedTransaction - JDBC Connection [com.mysql.jdbc.JDBC4Connection@362a019c] will not be managed by Spring
2018-07-12 02:45:16.101 [main] DEBUG com.yhj.web.dao.res.ResRoleMapper.queryAllResRole - ==>  Preparing: SELECT res.res_url AS resUrl, role.role_name AS resRole FROM res_role rr LEFT JOIN resource res ON rr.res_id = res.id LEFT JOIN role ON rr.role_id = role.id 
2018-07-12 02:45:16.118 [main] DEBUG com.yhj.web.dao.res.ResRoleMapper.queryAllResRole - ==> Parameters: 
2018-07-12 02:45:16.130 [main] DEBUG com.yhj.web.dao.res.ResRoleMapper.queryAllResRole - <==      Total: 4
2018-07-12 02:45:16.131 [main] DEBUG org.mybatis.spring.SqlSessionUtils - Closing non transactional SqlSession [org.apache.ibatis.session.defaults.DefaultSqlSession@f74e835]
2018-07-12 02:45:16.141 [Thread-1] INFO  com.alibaba.druid.pool.DruidDataSource - {dataSource-1} closed
